<testsuite failures="0" name="com/feature/getCall.feature" skipped="0" tests="1" time="3.721939">
  <testcase classname="com.feature.getCall" name="get user 3 details" time="3.721939">
    <system-out>Given url 'https://reqres.in/api/users/3' ................................. passed
When method GET ........................................................... passed
Then status 200 ........................................................... passed
* def res = response.data ................................................. passed
* def var1 = function() { return 'Hello'} ................................. passed
* def ret = call var1 ..................................................... passed
Then print ' Return Value-----',ret ....................................... passed
* def myfun = ............................................................. passed
* def ret2 = call myfun res ............................................... passed
Then print 'Second return value------',ret2 ............................... passed</system-out>
  </testcase>
</testsuite>
