<testsuite failures="0" name="com/feature/readJava.feature" skipped="0" tests="1" time="0.016001">
  <testcase classname="com.feature.readJava" name="Reading Java functions" time="0.016001">
    <system-out>* def firstvar = Java.type('com.feature.\JavaDemo') ....................... passed
* def secondvar = new firstvar().demoFun("World"); ........................ passed
* def thirdvar = firstvar.demoSta("everybody"); ........................... passed
And print secondvar ....................................................... passed
And print thirdvar ........................................................ passed</system-out>
  </testcase>
</testsuite>
