<testsuite failures="0" name="com/feature/demoTest2.feature" skipped="0" tests="1" time="3.228047">
  <testcase classname="com.feature.demoTest2" name="get user 3 details" time="3.228047">
    <system-out>Given url "https://reqres.in/api/users/3" ................................. passed
When method GET ........................................................... passed
Then status 200 ........................................................... passed</system-out>
  </testcase>
</testsuite>
