<testsuite failures="0" name="com/feature/demoTest.feature" skipped="0" tests="2" time="5.062998">
  <testcase classname="com.feature.demoTest" name="get user 2 details" time="2.804254">
    <system-out>* def expected = read('../jsonFiles/result.json') ......................... passed
* def featureExt = call read('demoTest2.feature') ......................... passed
Given url "https://reqres.in/api/users/2" ................................. passed
When method GET ........................................................... passed
Then status 200 ........................................................... passed
Then print response ....................................................... passed
And match response == expected[0] ......................................... passed
And match response.data.id == 2 ........................................... passed
And match response.data.avatar != null .................................... passed
And print expected[0].data.last_name ...................................... passed
* def var2 = response.data.job_code ....................................... passed
And match var2 == null .................................................... passed</system-out>
  </testcase>
  <testcase classname="com.feature.demoTest" name="get user 3 details" time="2.258744">
    <system-out>* def expected = read('../jsonFiles/result.json') ......................... passed
* def featureExt = call read('demoTest2.feature') ......................... passed
Given url "https://reqres.in/api/users/2" ................................. passed
When method GET ........................................................... passed
Then status 200 ........................................................... passed
Then print response ....................................................... passed
And match response == expected[0] ......................................... passed
And match response.data.id == 2 ........................................... passed
And match response.data.avatar != null .................................... passed
And print expected[0].data.last_name ...................................... passed
* def var2 = response.data.job_code ....................................... passed
And match var2 == null .................................................... passed
* def expected = read('../jsonFiles/result.json') ......................... passed
* def featureExt = call read('demoTest2.feature') ......................... passed
Given url 'https://reqres.in/api/users/3' ................................. passed
When method GET ........................................................... passed
Then status 200 ........................................................... passed
Then print response ....................................................... passed
And match response == expected[1] ......................................... passed
Then print featureExt.response.data.first_name ............................ passed</system-out>
  </testcase>
</testsuite>
