<testsuite failures="0" name="com/feature/dataDriven.feature" skipped="0" tests="1" time="2.246607">
  <testcase classname="com.feature.dataDriven" name="Create User Details" time="2.246607">
    <system-out>Given url 'https://reqres.in/api/users' ................................... passed
And request '{"name": morpheus,"job": leader}' ............................ passed
When method POST .......................................................... passed
Then status 201 ........................................................... passed
And print response ........................................................ passed</system-out>
  </testcase>
</testsuite>
