<testsuite failures="0" name="featurespackage/demoTest2.feature" skipped="0" tests="1" time="1.986976">
  <testcase classname="featurespackage.demoTest2" name="get user 3 details" time="1.986976">
    <system-out>Given url "https://reqres.in/api/users/3" ................................. passed
When method GET ........................................................... passed
Then status 200 ........................................................... passed</system-out>
  </testcase>
</testsuite>
