<testsuite failures="0" name="featurespackage/demoTest.feature" skipped="0" tests="2" time="3.051901">
  <testcase classname="featurespackage.demoTest" name="get user 2 details" time="2.376232">
    <system-out>* def expected = read('../../../src/test/java/com/jsonFiles/result.json') . passed
* def featureExt = call read('demoTest2.feature') ......................... passed
Given url "https://reqres.in/api/users/2" ................................. passed
When method GET ........................................................... passed
Then status 200 ........................................................... passed
Then print response ....................................................... passed
And match response == expected[0] ......................................... passed
And match response.data.id == 2 ........................................... passed
And match response.data.avatar != null .................................... passed
And print expected[0].data.last_name ...................................... passed
* def var2 = response.data.job_code ....................................... passed
And match var2 == null .................................................... passed</system-out>
  </testcase>
  <testcase classname="featurespackage.demoTest" name="get user 3 details" time="0.675669">
    <system-out>* def expected = read('../../../src/test/java/com/jsonFiles/result.json') . passed
* def featureExt = call read('demoTest2.feature') ......................... passed
Given url "https://reqres.in/api/users/2" ................................. passed
When method GET ........................................................... passed
Then status 200 ........................................................... passed
Then print response ....................................................... passed
And match response == expected[0] ......................................... passed
And match response.data.id == 2 ........................................... passed
And match response.data.avatar != null .................................... passed
And print expected[0].data.last_name ...................................... passed
* def var2 = response.data.job_code ....................................... passed
And match var2 == null .................................................... passed
* def expected = read('../../../src/test/java/com/jsonFiles/result.json') . passed
* def featureExt = call read('demoTest2.feature') ......................... passed
Given url 'https://reqres.in/api/users/3' ................................. passed
When method GET ........................................................... passed
Then status 200 ........................................................... passed
Then print response ....................................................... passed
And match response == expected[1] ......................................... passed
Then print featureExt.response.data.first_name ............................ passed</system-out>
  </testcase>
</testsuite>
