<testsuite failures="0" name="src/test/resources/dataDriven.feature" skipped="0" tests="1" time="4.659099">
  <testcase classname="src.test.resources.dataDriven" name="Create User Details" time="4.659099">
    <system-out>Given url 'https://reqres.in/api/users' ................................... passed
And request '{"name": morpheus,"job": leader}' ............................ passed
When method POST .......................................................... passed
Then status 201 ........................................................... passed
And print response ........................................................ passed</system-out>
  </testcase>
</testsuite>
